2017-08-30 16:57:56 - PHP Notice:  Undefined index: tax_form in D:\Program\OpenServer\OpenServer\domains\spalah-php\open-cart\catalog\controller\information\partnership.php on line 74
2017-08-30 20:04:43 - PHP Notice:  Undefined index: tax_form in D:\Program\OpenServer\OpenServer\domains\spalah-php\open-cart\catalog\controller\information\partnership.php on line 77
2017-08-30 20:05:00 - PHP Notice:  Undefined index: tax_form in D:\Program\OpenServer\OpenServer\domains\spalah-php\open-cart\catalog\controller\information\partnership.php on line 77
2017-08-30 20:05:09 - PHP Notice:  Undefined index: tax_form in D:\Program\OpenServer\OpenServer\domains\spalah-php\open-cart\catalog\controller\information\partnership.php on line 77
2017-08-30 20:09:21 - PHP Notice:  Undefined index: tax_form in D:\Program\OpenServer\OpenServer\domains\spalah-php\open-cart\catalog\controller\information\partnership.php on line 79
2017-08-30 20:09:59 - PHP Notice:  Undefined index: tax_form in D:\Program\OpenServer\OpenServer\domains\spalah-php\open-cart\catalog\controller\information\partnership.php on line 79
2017-08-30 20:10:30 - PHP Notice:  Undefined index: tax_form in D:\Program\OpenServer\OpenServer\domains\spalah-php\open-cart\catalog\controller\information\partnership.php on line 79
2017-08-30 20:11:15 - PHP Notice:  Undefined index: tax_form in D:\Program\OpenServer\OpenServer\domains\spalah-php\open-cart\catalog\controller\information\partnership.php on line 79
2017-08-30 20:17:18 - PHP Notice:  Undefined index: tax_form in D:\Program\OpenServer\OpenServer\domains\spalah-php\open-cart\catalog\controller\information\partnership.php on line 80
2017-08-30 20:18:20 - PHP Notice:  Undefined index: tax_form in D:\Program\OpenServer\OpenServer\domains\spalah-php\open-cart\catalog\controller\information\partnership.php on line 80
2017-08-30 20:20:09 - PHP Notice:  Undefined index: tax_form in D:\Program\OpenServer\OpenServer\domains\spalah-php\open-cart\catalog\controller\information\partnership.php on line 80
2017-08-30 20:20:22 - PHP Notice:  Undefined index: tax_form in D:\Program\OpenServer\OpenServer\domains\spalah-php\open-cart\catalog\controller\information\partnership.php on line 80
2017-08-30 20:21:21 - PHP Notice:  Undefined index: tax_form in D:\Program\OpenServer\OpenServer\domains\spalah-php\open-cart\catalog\controller\information\partnership.php on line 80
2017-08-30 20:21:41 - PHP Notice:  Undefined index: tax_form in D:\Program\OpenServer\OpenServer\domains\spalah-php\open-cart\catalog\controller\information\partnership.php on line 79
2017-08-30 20:21:41 - PHP Notice:  Undefined index: tax_form in D:\Program\OpenServer\OpenServer\domains\spalah-php\open-cart\catalog\controller\information\partnership.php on line 80
2017-08-30 20:22:11 - PHP Notice:  Undefined index: tax_form in D:\Program\OpenServer\OpenServer\domains\spalah-php\open-cart\catalog\controller\information\partnership.php on line 78
2017-08-30 20:26:16 - PHP Notice:  Undefined index: tax_form in D:\Program\OpenServer\OpenServer\domains\spalah-php\open-cart\catalog\controller\information\partnership.php on line 79
2017-08-30 20:30:35 - PHP Notice:  Undefined index: tax_form in D:\Program\OpenServer\OpenServer\domains\spalah-php\open-cart\catalog\controller\information\partnership.php on line 79
2017-08-30 20:32:21 - PHP Notice:  Undefined index: tax_form in D:\Program\OpenServer\OpenServer\domains\spalah-php\open-cart\catalog\controller\information\partnership.php on line 79
2017-08-30 20:33:21 - PHP Notice:  Undefined index: tax_form in D:\Program\OpenServer\OpenServer\domains\spalah-php\open-cart\catalog\controller\information\partnership.php on line 78
2017-09-14 14:06:19 - PHP Notice:  Undefined variable: field_order in D:\Program\OpenServer\OpenServer\domains\spalah-php\open-cart\admin\model\catalog\partnership.php on line 34
2017-09-14 14:06:19 - PHP Notice:  Undefined variable: sort_order in D:\Program\OpenServer\OpenServer\domains\spalah-php\open-cart\admin\model\catalog\partnership.php on line 34
2017-09-14 14:12:50 - PHP Notice:  Undefined index: field_order in D:\Program\OpenServer\OpenServer\domains\spalah-php\open-cart\admin\controller\catalog\partnership.php on line 36
2017-09-14 14:14:04 - PHP Notice:  Undefined index: field_order in D:\Program\OpenServer\OpenServer\domains\spalah-php\open-cart\admin\controller\catalog\partnership.php on line 42
2017-09-19 22:24:23 - PHP Notice:  Undefined index: name in D:\Program\OpenServer\OpenServer\domains\spalah-php\open-cart\catalog\controller\information\partnership.php on line 118
2017-09-19 22:24:28 - PHP Notice:  Undefined index: name in D:\Program\OpenServer\OpenServer\domains\spalah-php\open-cart\catalog\controller\information\partnership.php on line 118
2017-09-19 22:24:59 - PHP Notice:  Undefined index: name in D:\Program\OpenServer\OpenServer\domains\spalah-php\open-cart\catalog\controller\information\partnership.php on line 118
